[2025-08-25 07:36:14] [NOTICE] Starting synthesis process...
[2025-08-25 07:36:15] [NOTICE] SSML input set.
[2025-08-25 07:36:15] [NOTICE] Voice parameters set: en-US-Wavenet-D.
[2025-08-25 07:36:15] [NOTICE] Audio config set: MP3 encoding.
[2025-08-25 07:36:15] [NOTICE] SynthesizeSpeechRequest built.
[2025-08-25 07:36:17] [ERROR] Synthesis failed: {
    "message": "Empty language code.",
    "code": 3,
    "status": "INVALID_ARGUMENT",
    "details": []
}
[2025-08-25 07:38:02] [NOTICE] Starting synthesis process...
[2025-08-25 07:38:02] [NOTICE] SSML input set.
[2025-08-25 07:38:02] [NOTICE] Voice parameters set: en-US-Wavenet-D.
[2025-08-25 07:38:02] [NOTICE] Audio config set: MP3 encoding.
[2025-08-25 07:38:02] [NOTICE] SynthesizeSpeechRequest built.
[2025-08-25 07:38:04] [NOTICE] Speech synthesized, response received.
[2025-08-25 07:38:04] [NOTICE] Audio content returned from Google TTS.
[2025-08-25 07:38:04] [NOTICE] Write audio file: D:\xampp\htdocs\projects\datacalls_css_adjusted/storage/audio/tts__2025_08_25_07_38_02__68abf6badd0f7.mp3
[2025-08-25 07:46:44] [NOTICE] Starting synthesis process...
[2025-08-25 07:46:44] [NOTICE] SSML input set.
[2025-08-25 07:46:44] [NOTICE] Voice parameters set: en-US-Wavenet-D.
[2025-08-25 07:46:44] [NOTICE] Audio config set: MP3 encoding.
[2025-08-25 07:46:44] [NOTICE] SynthesizeSpeechRequest built.
[2025-08-25 07:46:46] [NOTICE] Speech synthesized, response received.
[2025-08-25 07:46:46] [NOTICE] Audio content returned from Google TTS.
[2025-08-25 07:46:46] [NOTICE] Write audio file: D:\xampp\htdocs\projects\datacalls_css_adjusted/storage/audio/tts__2025_08_25_07_46_44__68abf8c44c829.mp3
[2025-08-25 15:49:09] [NOTICE] Starting synthesis process...
[2025-08-25 15:49:10] [NOTICE] SSML input set.
[2025-08-25 15:49:10] [NOTICE] Voice parameters set, name: en-US-Wavenet-D, lang code: en-US, gender: 1
[2025-08-25 15:49:10] [NOTICE] Audio config set: MP3 encoding.
[2025-08-25 15:49:10] [NOTICE] SynthesizeSpeechRequest built.
[2025-08-25 15:49:12] [NOTICE] Speech synthesized, response received.
[2025-08-25 15:49:12] [NOTICE] Audio content returned from Google TTS.
[2025-08-25 15:49:12] [NOTICE] Write audio file: D:\xampp\htdocs\projects\datacalls_css_adjusted/storage/audio/tts__2025_08_25_15_49_09__68ac69d5e5abd.mp3
[2025-08-25 15:50:07] [NOTICE] Starting synthesis process...
[2025-08-25 15:50:07] [NOTICE] SSML input set.
[2025-08-25 15:50:07] [NOTICE] Voice parameters set, name: en-US-Wavenet-D, lang code: en-US, gender: 2
[2025-08-25 15:50:07] [NOTICE] Audio config set: MP3 encoding.
[2025-08-25 15:50:07] [NOTICE] SynthesizeSpeechRequest built.
[2025-08-25 15:50:09] [NOTICE] Speech synthesized, response received.
[2025-08-25 15:50:09] [NOTICE] Audio content returned from Google TTS.
[2025-08-25 15:50:09] [NOTICE] Write audio file: D:\xampp\htdocs\projects\datacalls_css_adjusted/storage/audio/tts__2025_08_25_15_50_07__68ac6a0f1ca52.mp3
[2025-08-25 15:52:14] [NOTICE] Starting synthesis process...
[2025-08-25 15:52:14] [NOTICE] SSML input set.
[2025-08-25 15:52:14] [NOTICE] Voice parameters set, name: en-US-Wavenet-H, lang code: en-US
[2025-08-25 15:52:14] [NOTICE] Audio config set: MP3 encoding.
[2025-08-25 15:52:14] [NOTICE] SynthesizeSpeechRequest built.
[2025-08-25 15:52:16] [NOTICE] Speech synthesized, response received.
[2025-08-25 15:52:16] [NOTICE] Audio content returned from Google TTS.
[2025-08-25 15:52:16] [NOTICE] Write audio file: D:\xampp\htdocs\projects\datacalls_css_adjusted/storage/audio/tts__2025_08_25_15_52_14__68ac6a8ee9577.mp3
[2025-08-25 18:38:30] [NOTICE] Starting synthesis process...
[2025-08-25 18:38:31] [NOTICE] SSML input set.
[2025-08-25 18:38:31] [NOTICE] Voice parameters set, name: en-US-Wavenet-H, lang code: en-US
[2025-08-25 18:38:31] [NOTICE] Audio config set: WAV encoding.
[2025-08-25 18:38:31] [NOTICE] SynthesizeSpeechRequest built.
[2025-08-25 18:38:33] [NOTICE] Speech synthesized, response received.
[2025-08-25 18:38:33] [NOTICE] Audio content returned from Google TTS.
[2025-08-25 18:38:33] [NOTICE] Write audio file: D:\xampp\htdocs\projects\datacalls_css_adjusted/storage/audio/tts__2025_08_25_18_38_30__68ac9186b9454.wav
[2025-08-28 03:47:58] [NOTICE] Starting synthesis process...
[2025-08-28 03:47:58] [NOTICE] SSML input set.
[2025-08-28 03:47:58] [NOTICE] Voice parameters set, name: en-US-Wavenet-H, lang code: en-US
[2025-08-28 03:47:58] [NOTICE] Audio config set: MP3 encoding.
[2025-08-28 03:47:58] [NOTICE] SynthesizeSpeechRequest built.
[2025-08-28 03:48:00] [NOTICE] Speech synthesized, response received.
[2025-08-28 03:48:00] [NOTICE] Audio content returned from Google TTS.
[2025-08-28 03:48:00] [NOTICE] Write audio file: D:\xampp\htdocs\projects\datacalls_css_adjusted/storage/audio/tts__2025_08_28_03_47_58__68afb54e06e19.mp3
[2025-08-28 03:48:49] [NOTICE] Starting synthesis process...
[2025-08-28 03:48:49] [NOTICE] SSML input set.
[2025-08-28 03:48:49] [NOTICE] Voice parameters set, name: en-US-Wavenet-H, lang code: en-US
[2025-08-28 03:48:49] [NOTICE] Audio config set: MP3 encoding.
[2025-08-28 03:48:49] [NOTICE] SynthesizeSpeechRequest built.
[2025-08-28 03:48:51] [NOTICE] Speech synthesized, response received.
[2025-08-28 03:48:51] [NOTICE] Audio content returned from Google TTS.
[2025-08-28 03:48:51] [NOTICE] Write audio file: D:\xampp\htdocs\projects\datacalls_css_adjusted/storage/audio/tts__2025_08_28_03_48_49__68afb5818f06c.mp3
[2025-08-28 03:49:45] [NOTICE] Starting synthesis process...
[2025-08-28 03:49:45] [NOTICE] SSML input set.
[2025-08-28 03:49:45] [NOTICE] Voice parameters set, name: en-US-Wavenet-H, lang code: en-US
[2025-08-28 03:49:45] [NOTICE] Audio config set: MP3 encoding.
[2025-08-28 03:49:45] [NOTICE] SynthesizeSpeechRequest built.
[2025-08-28 03:49:46] [NOTICE] Speech synthesized, response received.
[2025-08-28 03:49:46] [NOTICE] Audio content returned from Google TTS.
[2025-08-28 03:49:46] [NOTICE] Write audio file: D:\xampp\htdocs\projects\datacalls_css_adjusted/storage/audio/tts__2025_08_28_03_49_45__68afb5b9c5b7c.mp3
[2025-08-28 04:18:13] [NOTICE] Starting synthesis process...
[2025-08-28 04:18:14] [NOTICE] SSML input set.
[2025-08-28 04:18:14] [NOTICE] Voice parameters set, name: en-US-Wavenet-H, lang code: en-US
[2025-08-28 04:18:14] [NOTICE] Audio config set: MP3 encoding.
[2025-08-28 04:18:14] [NOTICE] SynthesizeSpeechRequest built.
[2025-08-28 04:18:16] [NOTICE] Speech synthesized, response received.
[2025-08-28 04:18:16] [NOTICE] Audio content returned from Google TTS.
[2025-08-28 04:18:16] [NOTICE] Write audio file: D:\xampp\htdocs\projects\datacalls_css_adjusted/storage/audio/tts__2025_08_28_04_18_13__68afbc65cdf00.mp3
[2025-08-28 04:21:45] [NOTICE] Starting synthesis process...
[2025-08-28 04:21:46] [NOTICE] SSML input set.
[2025-08-28 04:21:46] [NOTICE] Voice parameters set, name: en-US-Wavenet-H, lang code: en-US
[2025-08-28 04:21:46] [NOTICE] Audio config set: MP3 encoding.
[2025-08-28 04:21:46] [NOTICE] SynthesizeSpeechRequest built.
[2025-08-28 04:21:48] [NOTICE] Speech synthesized, response received.
[2025-08-28 04:21:48] [NOTICE] Audio content returned from Google TTS.
[2025-08-28 04:21:48] [NOTICE] Write audio file: D:\xampp\htdocs\projects\datacalls_css_adjusted/storage/audio/tts__2025_08_28_04_21_45__68afbd39d16fc.mp3
[2025-08-28 04:27:30] [NOTICE] Starting synthesis process...
[2025-08-28 04:27:30] [NOTICE] SSML input set.
[2025-08-28 04:27:30] [NOTICE] Voice parameters set, name: en-US-Wavenet-H, lang code: en-US
[2025-08-28 04:27:30] [NOTICE] Audio config set: MP3 encoding.
[2025-08-28 04:27:30] [NOTICE] SynthesizeSpeechRequest built.
[2025-08-28 04:27:31] [NOTICE] Speech synthesized, response received.
[2025-08-28 04:27:31] [NOTICE] Audio content returned from Google TTS.
[2025-08-28 04:27:31] [NOTICE] Write audio file: D:\xampp\htdocs\projects\datacalls_css_adjusted/storage/audio/tts__2025_08_28_04_27_30__68afbe925d526.mp3
[2025-08-28 04:31:04] [NOTICE] Starting synthesis process...
[2025-08-28 04:31:04] [NOTICE] SSML input set.
[2025-08-28 04:31:04] [NOTICE] Voice parameters set, name: en-US-Wavenet-H, lang code: en-US
[2025-08-28 04:31:04] [NOTICE] Audio config set: MP3 encoding.
[2025-08-28 04:31:04] [NOTICE] SynthesizeSpeechRequest built.
[2025-08-28 04:31:06] [NOTICE] Speech synthesized, response received.
[2025-08-28 04:31:06] [NOTICE] Audio content returned from Google TTS.
[2025-08-28 04:31:06] [NOTICE] Write audio file: D:\xampp\htdocs\projects\datacalls_css_adjusted/storage/audio/tts__2025_08_28_04_31_04__68afbf68b6121.mp3
