2025-08-08 23:52:36 - Request: {"action":"get_calls","magnus_user_id":"21"}
2025-08-08 23:52:37 - Request: {"action":"get_calls","magnus_user_id":"21"}
2025-08-08 23:52:39 - Request: {"action":"get_calls","magnus_user_id":"21"}
2025-08-08 23:52:40 - Request: {"action":"get_calls","magnus_user_id":"21"}
2025-08-08 23:52:40 - Request: {"action":"get_calls","magnus_user_id":"21"}
2025-08-08 23:52:45 - Request: {"action":"get_calls","magnus_user_id":"21"}
2025-08-08 23:53:15 - Request: {"action":"get_calls","magnus_user_id":"21"}
2025-08-08 23:53:45 - Request: {"action":"get_calls","magnus_user_id":"21"}
2025-08-08 23:54:15 - Request: {"action":"get_calls","magnus_user_id":"21"}
2025-08-08 23:54:45 - Request: {"action":"get_calls","magnus_user_id":"21"}
2025-08-08 23:55:15 - Request: {"action":"get_calls","magnus_user_id":"21"}
2025-08-08 23:55:45 - Request: {"action":"get_calls","magnus_user_id":"21"}
2025-08-08 23:56:06 - Request: {"action":"get_calls","magnus_user_id":"21"}
2025-08-08 23:56:07 - Request: {"action":"get_calls","magnus_user_id":"21"}
2025-08-08 23:56:08 - Request: {"action":"get_calls","magnus_user_id":"21"}
2025-08-08 23:56:11 - Request: {"action":"get_calls","magnus_user_id":"21"}
2025-08-08 23:56:41 - Request: {"action":"get_calls","magnus_user_id":"21"}
2025-08-08 23:56:55 - Request: {"action":"get_calls","magnus_user_id":"21"}
2025-08-08 23:56:55 - Database connection successful
2025-08-08 23:56:55 - Fetched magnus_user_id: 21, username: ldata
2025-08-08 23:56:55 - MagnusBilling API initialized
2025-08-08 23:56:55 - Trying id_user filter: 21
2025-08-08 23:56:56 - Request: {"action":"get_calls","magnus_user_id":"21"}
2025-08-08 23:56:56 - Database connection successful
2025-08-08 23:56:56 - Fetched magnus_user_id: 21, username: ldata
2025-08-08 23:56:56 - MagnusBilling API initialized
2025-08-08 23:56:56 - Trying id_user filter: 21
2025-08-08 23:57:00 - Request: {"action":"get_calls","magnus_user_id":"21"}
2025-08-08 23:57:00 - Database connection successful
2025-08-08 23:57:00 - Fetched magnus_user_id: 21, username: ldata
2025-08-08 23:57:00 - MagnusBilling API initialized
2025-08-08 23:57:00 - Trying id_user filter: 21
2025-08-08 23:57:25 - Request: {"action":"get_calls","magnus_user_id":"21"}
2025-08-08 23:57:25 - Database connection successful
2025-08-08 23:57:25 - Fetched magnus_user_id: 21, username: ldata
2025-08-08 23:57:25 - MagnusBilling API initialized
2025-08-08 23:57:25 - Trying id_user filter: 21
2025-08-08 23:57:55 - Request: {"action":"get_calls","magnus_user_id":"21"}
2025-08-08 23:57:55 - Database connection successful
2025-08-08 23:57:55 - Fetched magnus_user_id: 21, username: ldata
2025-08-08 23:57:55 - MagnusBilling API initialized
2025-08-08 23:57:55 - Trying id_user filter: 21
2025-08-08 23:57:59 - Request: {"action":"get_calls","magnus_user_id":"21"}
2025-08-08 23:57:59 - Database connection successful
2025-08-08 23:57:59 - Fetched magnus_user_id: 21, username: ldata
2025-08-08 23:57:59 - MagnusBilling API initialized
2025-08-08 23:57:59 - Trying id_user filter: 21
2025-08-08 23:58:29 - Request: {"action":"get_calls","magnus_user_id":"21"}
2025-08-08 23:58:29 - Database connection successful
2025-08-08 23:58:29 - Fetched magnus_user_id: 21, username: ldata
2025-08-08 23:58:29 - MagnusBilling API initialized
2025-08-08 23:58:29 - Trying id_user filter: 21
2025-08-08 23:58:46 - Request: {"action":"get_calls","magnus_user_id":"21"}
2025-08-08 23:58:46 - Database connection successful
2025-08-08 23:58:46 - Fetched magnus_user_id: 21, username: ldata
2025-08-08 23:58:46 - MagnusBilling API initialized
2025-08-08 23:58:46 - Trying id_user filter: 21
2025-08-08 23:58:58 - Request: {"action":"get_calls","magnus_user_id":"21"}
2025-08-08 23:58:58 - Database connection successful
2025-08-08 23:58:58 - Fetched magnus_user_id: 21, username: ldata
2025-08-08 23:58:58 - MagnusBilling API initialized
2025-08-08 23:58:58 - Trying id_user filter: 21
2025-08-08 23:59:28 - Request: {"action":"get_calls","magnus_user_id":"21"}
2025-08-08 23:59:28 - Database connection successful
2025-08-08 23:59:28 - Fetched magnus_user_id: 21, username: ldata
2025-08-08 23:59:28 - MagnusBilling API initialized
2025-08-08 23:59:28 - Trying id_user filter: 21
2025-08-08 23:59:58 - Request: {"action":"get_calls","magnus_user_id":"21"}
2025-08-08 23:59:58 - Database connection successful
2025-08-08 23:59:58 - Fetched magnus_user_id: 21, username: ldata
2025-08-08 23:59:58 - MagnusBilling API initialized
2025-08-08 23:59:58 - Trying id_user filter: 21
2025-08-09 00:00:18 - Request: {"action":"get_calls","magnus_user_id":"21"}
2025-08-09 00:00:18 - Database connection successful
2025-08-09 00:00:18 - Fetched magnus_user_id: 21, username: ldata
2025-08-09 00:00:18 - MagnusBilling API initialized
2025-08-09 00:00:18 - Trying id_user filter: 21
2025-08-09 00:00:22 - Request: {"action":"get_calls","magnus_user_id":"21"}
2025-08-09 00:00:22 - Database connection successful
2025-08-09 00:00:22 - Fetched magnus_user_id: 21, username: ldata
2025-08-09 00:00:22 - MagnusBilling API initialized
2025-08-09 00:00:22 - Trying id_user filter: 21
2025-08-09 00:00:24 - Request: {"action":"get_calls","magnus_user_id":"21"}
2025-08-09 00:00:24 - Database connection successful
2025-08-09 00:00:24 - Fetched magnus_user_id: 21, username: ldata
2025-08-09 00:00:24 - MagnusBilling API initialized
2025-08-09 00:00:24 - Trying id_user filter: 21
2025-08-09 01:35:18 - Request: {"action":"get_calls","magnus_user_id":"21"}
2025-08-09 01:35:18 - Database connection successful
2025-08-09 01:35:18 - Fetched magnus_user_id: 21, username: ldata
2025-08-09 01:35:18 - MagnusBilling API initialized
2025-08-09 01:35:18 - Trying id_user filter: 21
2025-08-09 01:35:20 - Request: {"action":"get_calls","magnus_user_id":"21"}
2025-08-09 01:35:20 - Database connection successful
2025-08-09 01:35:20 - Fetched magnus_user_id: 21, username: ldata
2025-08-09 01:35:20 - MagnusBilling API initialized
2025-08-09 01:35:20 - Trying id_user filter: 21
2025-08-09 01:35:21 - Request: {"action":"get_calls","magnus_user_id":"21"}
2025-08-09 01:35:21 - Database connection successful
2025-08-09 01:35:21 - Fetched magnus_user_id: 21, username: ldata
2025-08-09 01:35:21 - MagnusBilling API initialized
2025-08-09 01:35:21 - Trying id_user filter: 21
2025-08-09 01:35:51 - Request: {"action":"get_calls","magnus_user_id":"21"}
2025-08-09 01:35:51 - Database connection successful
2025-08-09 01:35:51 - Fetched magnus_user_id: 21, username: ldata
2025-08-09 01:35:51 - MagnusBilling API initialized
2025-08-09 01:35:51 - Trying id_user filter: 21
2025-08-09 01:36:21 - Request: {"action":"get_calls","magnus_user_id":"21"}
2025-08-09 01:36:21 - Database connection successful
2025-08-09 01:36:21 - Fetched magnus_user_id: 21, username: ldata
2025-08-09 01:36:21 - MagnusBilling API initialized
2025-08-09 01:36:21 - Trying id_user filter: 21
2025-08-09 01:36:51 - Request: {"action":"get_calls","magnus_user_id":"21"}
2025-08-09 01:36:51 - Database connection successful
2025-08-09 01:36:51 - Fetched magnus_user_id: 21, username: ldata
2025-08-09 01:36:51 - MagnusBilling API initialized
2025-08-09 01:36:51 - Trying id_user filter: 21
2025-08-09 01:37:21 - Request: {"action":"get_calls","magnus_user_id":"21"}
2025-08-09 01:37:21 - Database connection successful
2025-08-09 01:37:21 - Fetched magnus_user_id: 21, username: ldata
2025-08-09 01:37:21 - MagnusBilling API initialized
2025-08-09 01:37:21 - Trying id_user filter: 21
2025-08-09 01:37:51 - Request: {"action":"get_calls","magnus_user_id":"21"}
2025-08-09 01:37:51 - Database connection successful
2025-08-09 01:37:51 - Fetched magnus_user_id: 21, username: ldata
2025-08-09 01:37:51 - MagnusBilling API initialized
2025-08-09 01:37:51 - Trying id_user filter: 21
2025-08-09 01:38:21 - Request: {"action":"get_calls","magnus_user_id":"21"}
2025-08-09 01:38:21 - Database connection successful
2025-08-09 01:38:21 - Fetched magnus_user_id: 21, username: ldata
2025-08-09 01:38:21 - MagnusBilling API initialized
2025-08-09 01:38:21 - Trying id_user filter: 21
2025-08-09 01:38:51 - Request: {"action":"get_calls","magnus_user_id":"21"}
2025-08-09 01:38:51 - Database connection successful
2025-08-09 01:38:51 - Fetched magnus_user_id: 21, username: ldata
2025-08-09 01:38:51 - MagnusBilling API initialized
2025-08-09 01:38:51 - Trying id_user filter: 21
2025-08-09 01:39:21 - Request: {"action":"get_calls","magnus_user_id":"21"}
2025-08-09 01:39:21 - Database connection successful
2025-08-09 01:39:21 - Fetched magnus_user_id: 21, username: ldata
2025-08-09 01:39:21 - MagnusBilling API initialized
2025-08-09 01:39:21 - Trying id_user filter: 21
2025-08-09 01:40:52 - Request: {"action":"get_calls","magnus_user_id":"21"}
2025-08-09 01:40:52 - Database connection successful
2025-08-09 01:40:52 - Fetched magnus_user_id: 21, username: ldata
2025-08-09 01:40:52 - MagnusBilling API initialized
2025-08-09 01:40:52 - Trying id_user filter: 21
2025-08-09 01:41:00 - Request: {"action":"get_calls","magnus_user_id":"21"}
2025-08-09 01:41:00 - Database connection successful
2025-08-09 01:41:00 - Fetched magnus_user_id: 21, username: ldata
2025-08-09 01:41:00 - MagnusBilling API initialized
2025-08-09 01:41:00 - Trying id_user filter: 21
2025-08-09 01:41:31 - Request: {"action":"get_calls","magnus_user_id":"21"}
2025-08-09 01:41:31 - Database connection successful
2025-08-09 01:41:31 - Fetched magnus_user_id: 21, username: ldata
2025-08-09 01:41:31 - MagnusBilling API initialized
2025-08-09 01:41:31 - Trying id_user filter: 21
2025-08-09 01:47:23 - Request: {"action":"get_calls","magnus_user_id":"21"}
2025-08-09 01:47:23 - Database connection successful
2025-08-09 01:47:23 - Fetched magnus_user_id: 21, username: ldata
2025-08-09 01:47:23 - MagnusBilling API initialized
2025-08-09 01:47:23 - Trying id_user filter: 21
2025-08-09 03:20:09 - Request: {"action":"get_calls","magnus_user_id":"21"}
2025-08-09 03:20:09 - Database connection successful
2025-08-09 03:20:09 - Fetched magnus_user_id: 21, username: ldata
2025-08-09 03:20:09 - MagnusBilling API initialized
2025-08-09 03:20:09 - Trying id_user filter: 21
2025-08-09 03:20:11 - Request: {"action":"get_calls","magnus_user_id":"21"}
2025-08-09 03:20:11 - Database connection successful
2025-08-09 03:20:11 - Fetched magnus_user_id: 21, username: ldata
2025-08-09 03:20:11 - MagnusBilling API initialized
2025-08-09 03:20:11 - Trying id_user filter: 21
2025-08-09 03:20:42 - Request: {"action":"get_calls","magnus_user_id":"21"}
2025-08-09 03:20:42 - Database connection successful
2025-08-09 03:20:42 - Fetched magnus_user_id: 21, username: ldata
2025-08-09 03:20:42 - MagnusBilling API initialized
2025-08-09 03:20:42 - Trying id_user filter: 21
2025-08-09 03:21:12 - Request: {"action":"get_calls","magnus_user_id":"21"}
2025-08-09 03:21:12 - Database connection successful
2025-08-09 03:21:12 - Fetched magnus_user_id: 21, username: ldata
2025-08-09 03:21:12 - MagnusBilling API initialized
2025-08-09 03:21:12 - Trying id_user filter: 21
2025-08-09 03:21:42 - Request: {"action":"get_calls","magnus_user_id":"21"}
2025-08-09 03:21:42 - Database connection successful
2025-08-09 03:21:42 - Fetched magnus_user_id: 21, username: ldata
2025-08-09 03:21:42 - MagnusBilling API initialized
2025-08-09 03:21:42 - Trying id_user filter: 21
2025-08-09 03:22:11 - Request: {"action":"get_calls","magnus_user_id":"21"}
2025-08-09 03:22:11 - Database connection successful
2025-08-09 03:22:11 - Fetched magnus_user_id: 21, username: ldata
2025-08-09 03:22:11 - MagnusBilling API initialized
2025-08-09 03:22:11 - Trying id_user filter: 21
2025-08-09 03:22:42 - Request: {"action":"get_calls","magnus_user_id":"21"}
2025-08-09 03:22:42 - Database connection successful
2025-08-09 03:22:42 - Fetched magnus_user_id: 21, username: ldata
2025-08-09 03:22:42 - MagnusBilling API initialized
2025-08-09 03:22:42 - Trying id_user filter: 21
2025-08-09 03:23:12 - Request: {"action":"get_calls","magnus_user_id":"21"}
2025-08-09 03:23:12 - Database connection successful
2025-08-09 03:23:12 - Fetched magnus_user_id: 21, username: ldata
2025-08-09 03:23:12 - MagnusBilling API initialized
2025-08-09 03:23:12 - Trying id_user filter: 21
2025-08-09 03:23:42 - Request: {"action":"get_calls","magnus_user_id":"21"}
2025-08-09 03:23:42 - Database connection successful
2025-08-09 03:23:42 - Fetched magnus_user_id: 21, username: ldata
2025-08-09 03:23:42 - MagnusBilling API initialized
2025-08-09 03:23:42 - Trying id_user filter: 21
2025-08-09 03:24:43 - Request: {"action":"get_calls","magnus_user_id":"21"}
2025-08-09 03:24:43 - Database connection successful
2025-08-09 03:24:43 - Fetched magnus_user_id: 21, username: ldata
2025-08-09 03:24:43 - MagnusBilling API initialized
2025-08-09 03:24:43 - Trying id_user filter: 21
2025-08-09 03:25:12 - Request: {"action":"get_calls","magnus_user_id":"21"}
2025-08-09 03:25:12 - Database connection successful
2025-08-09 03:25:12 - Fetched magnus_user_id: 21, username: ldata
2025-08-09 03:25:12 - MagnusBilling API initialized
2025-08-09 03:25:12 - Trying id_user filter: 21
2025-08-09 03:25:42 - Request: {"action":"get_calls","magnus_user_id":"21"}
2025-08-09 03:25:42 - Database connection successful
2025-08-09 03:25:42 - Fetched magnus_user_id: 21, username: ldata
2025-08-09 03:25:42 - MagnusBilling API initialized
2025-08-09 03:25:42 - Trying id_user filter: 21
2025-08-09 03:26:12 - Request: {"action":"get_calls","magnus_user_id":"21"}
2025-08-09 03:26:12 - Database connection successful
2025-08-09 03:26:12 - Fetched magnus_user_id: 21, username: ldata
2025-08-09 03:26:12 - MagnusBilling API initialized
2025-08-09 03:26:12 - Trying id_user filter: 21
2025-08-09 03:27:00 - Request: {"action":"get_calls","magnus_user_id":"21"}
2025-08-09 03:27:00 - Database connection successful
2025-08-09 03:27:00 - Fetched magnus_user_id: 21, username: ldata
2025-08-09 03:27:00 - MagnusBilling API initialized
2025-08-09 03:27:00 - Trying id_user filter: 21
2025-08-09 03:27:45 - Request: {"action":"get_calls","magnus_user_id":"21"}
2025-08-09 03:27:45 - Database connection successful
2025-08-09 03:27:45 - Fetched magnus_user_id: 21, username: ldata
2025-08-09 03:27:45 - MagnusBilling API initialized
2025-08-09 03:27:45 - Trying id_user filter: 21
2025-08-09 03:28:12 - Request: {"action":"get_calls","magnus_user_id":"21"}
2025-08-09 03:28:12 - Database connection successful
2025-08-09 03:28:12 - Fetched magnus_user_id: 21, username: ldata
2025-08-09 03:28:12 - MagnusBilling API initialized
2025-08-09 03:28:12 - Trying id_user filter: 21
2025-08-09 03:28:42 - Request: {"action":"get_calls","magnus_user_id":"21"}
2025-08-09 03:28:42 - Database connection successful
2025-08-09 03:28:42 - Fetched magnus_user_id: 21, username: ldata
2025-08-09 03:28:42 - MagnusBilling API initialized
2025-08-09 03:28:42 - Trying id_user filter: 21
2025-08-09 03:29:43 - Request: {"action":"get_calls","magnus_user_id":"21"}
2025-08-09 03:29:43 - Database connection successful
2025-08-09 03:29:43 - Fetched magnus_user_id: 21, username: ldata
2025-08-09 03:29:43 - MagnusBilling API initialized
2025-08-09 03:29:43 - Trying id_user filter: 21
2025-08-09 03:35:31 - Request: {"action":"get_calls","magnus_user_id":"21"}
2025-08-09 03:35:31 - Database connection successful
2025-08-09 03:35:31 - Fetched magnus_user_id: 21, username: ldata
2025-08-09 03:35:31 - MagnusBilling API initialized
2025-08-09 03:35:31 - Trying id_user filter: 21
2025-08-09 03:36:01 - Request: {"action":"get_calls","magnus_user_id":"21"}
2025-08-09 03:36:01 - Database connection successful
2025-08-09 03:36:01 - Fetched magnus_user_id: 21, username: ldata
2025-08-09 03:36:01 - MagnusBilling API initialized
2025-08-09 03:36:01 - Trying id_user filter: 21
2025-08-09 03:36:31 - Request: {"action":"get_calls","magnus_user_id":"21"}
2025-08-09 03:36:31 - Database connection successful
2025-08-09 03:36:31 - Fetched magnus_user_id: 21, username: ldata
2025-08-09 03:36:31 - MagnusBilling API initialized
2025-08-09 03:36:31 - Trying id_user filter: 21
2025-08-09 03:37:01 - Request: {"action":"get_calls","magnus_user_id":"21"}
2025-08-09 03:37:01 - Database connection successful
2025-08-09 03:37:01 - Fetched magnus_user_id: 21, username: ldata
2025-08-09 03:37:01 - MagnusBilling API initialized
2025-08-09 03:37:01 - Trying id_user filter: 21
2025-08-09 03:37:31 - Request: {"action":"get_calls","magnus_user_id":"21"}
2025-08-09 03:37:31 - Database connection successful
2025-08-09 03:37:31 - Fetched magnus_user_id: 21, username: ldata
2025-08-09 03:37:31 - MagnusBilling API initialized
2025-08-09 03:37:31 - Trying id_user filter: 21
2025-08-09 03:38:01 - Request: {"action":"get_calls","magnus_user_id":"21"}
2025-08-09 03:38:01 - Database connection successful
2025-08-09 03:38:01 - Fetched magnus_user_id: 21, username: ldata
2025-08-09 03:38:01 - MagnusBilling API initialized
2025-08-09 03:38:01 - Trying id_user filter: 21
2025-08-09 03:38:31 - Request: {"action":"get_calls","magnus_user_id":"21"}
2025-08-09 03:38:31 - Database connection successful
2025-08-09 03:38:31 - Fetched magnus_user_id: 21, username: ldata
2025-08-09 03:38:31 - MagnusBilling API initialized
2025-08-09 03:38:31 - Trying id_user filter: 21
2025-08-09 03:38:42 - Request: {"action":"get_calls","magnus_user_id":"21"}
2025-08-09 03:38:42 - Database connection successful
2025-08-09 03:38:42 - Fetched magnus_user_id: 21, username: ldata
2025-08-09 03:38:42 - MagnusBilling API initialized
2025-08-09 03:38:42 - Trying id_user filter: 21
2025-08-09 03:39:13 - Request: {"action":"get_calls","magnus_user_id":"21"}
2025-08-09 03:39:13 - Database connection successful
2025-08-09 03:39:13 - Fetched magnus_user_id: 21, username: ldata
2025-08-09 03:39:13 - MagnusBilling API initialized
2025-08-09 03:39:13 - Trying id_user filter: 21
2025-08-09 03:39:43 - Request: {"action":"get_calls","magnus_user_id":"21"}
2025-08-09 03:39:43 - Database connection successful
2025-08-09 03:39:43 - Fetched magnus_user_id: 21, username: ldata
2025-08-09 03:39:43 - MagnusBilling API initialized
2025-08-09 03:39:43 - Trying id_user filter: 21
2025-08-09 03:40:13 - Request: {"action":"get_calls","magnus_user_id":"21"}
2025-08-09 03:40:13 - Database connection successful
2025-08-09 03:40:13 - Fetched magnus_user_id: 21, username: ldata
2025-08-09 03:40:13 - MagnusBilling API initialized
2025-08-09 03:40:13 - Trying id_user filter: 21
2025-08-09 03:40:43 - Request: {"action":"get_calls","magnus_user_id":"21"}
2025-08-09 03:40:43 - Database connection successful
2025-08-09 03:40:43 - Fetched magnus_user_id: 21, username: ldata
2025-08-09 03:40:43 - MagnusBilling API initialized
2025-08-09 03:40:43 - Trying id_user filter: 21
2025-08-09 03:41:13 - Request: {"action":"get_calls","magnus_user_id":"21"}
2025-08-09 03:41:13 - Database connection successful
2025-08-09 03:41:13 - Fetched magnus_user_id: 21, username: ldata
2025-08-09 03:41:13 - MagnusBilling API initialized
2025-08-09 03:41:13 - Trying id_user filter: 21
2025-08-09 03:41:43 - Request: {"action":"get_calls","magnus_user_id":"21"}
2025-08-09 03:41:43 - Database connection successful
2025-08-09 03:41:43 - Fetched magnus_user_id: 21, username: ldata
2025-08-09 03:41:43 - MagnusBilling API initialized
2025-08-09 03:41:43 - Trying id_user filter: 21
2025-08-09 03:42:44 - Request: {"action":"get_calls","magnus_user_id":"21"}
2025-08-09 03:42:44 - Database connection successful
2025-08-09 03:42:44 - Fetched magnus_user_id: 21, username: ldata
2025-08-09 03:42:44 - MagnusBilling API initialized
2025-08-09 03:42:44 - Trying id_user filter: 21
2025-08-09 03:43:43 - Request: {"action":"get_calls","magnus_user_id":"21"}
2025-08-09 03:43:43 - Database connection successful
2025-08-09 03:43:43 - Fetched magnus_user_id: 21, username: ldata
2025-08-09 03:43:43 - MagnusBilling API initialized
2025-08-09 03:43:43 - Trying id_user filter: 21
2025-08-09 04:15:20 - Request: {"action":"get_calls","magnus_user_id":"21"}
2025-08-09 04:15:20 - Database connection successful
2025-08-09 04:15:20 - Fetched magnus_user_id: 21, username: ldata
2025-08-09 04:15:20 - MagnusBilling API initialized
2025-08-09 04:15:20 - Trying id_user filter: 21
2025-08-09 04:15:21 - Request: {"action":"get_calls","magnus_user_id":"21"}
2025-08-09 04:15:21 - Database connection successful
2025-08-09 04:15:21 - Fetched magnus_user_id: 21, username: ldata
2025-08-09 04:15:21 - MagnusBilling API initialized
2025-08-09 04:15:21 - Trying id_user filter: 21
2025-08-09 14:01:46 - Request: {"action":"get_calls","magnus_user_id":"21"}
2025-08-09 14:01:46 - Database connection successful
2025-08-09 14:01:46 - Fetched magnus_user_id: 21, username: ldata
2025-08-09 14:01:46 - MagnusBilling API initialized
2025-08-09 14:01:46 - Trying id_user filter: 21
2025-08-09 14:11:09 - Request: {"action":"get_calls","magnus_user_id":"21"}
2025-08-09 14:11:09 - Database connection successful
2025-08-09 14:11:09 - Fetched magnus_user_id: 21, username: ldata
2025-08-09 14:11:09 - MagnusBilling API initialized
2025-08-09 14:11:09 - Trying id_user filter: 21
2025-08-09 14:37:53 - Request: {"action":"get_calls","magnus_user_id":"21"}
2025-08-09 14:37:53 - Database connection successful
2025-08-09 14:37:53 - Fetched magnus_user_id: 21, username: ldata
2025-08-09 14:37:53 - MagnusBilling API initialized
2025-08-09 14:37:53 - Trying id_user filter: 21
2025-08-09 14:47:52 - Request: {"action":"get_calls","magnus_user_id":"21"}
2025-08-09 14:47:52 - Database connection successful
2025-08-09 14:47:52 - Fetched magnus_user_id: 21, username: ldata
2025-08-09 14:47:52 - MagnusBilling API initialized
2025-08-09 14:47:52 - Trying id_user filter: 21
2025-08-09 14:49:36 - Request: {"action":"get_calls","magnus_user_id":"21"}
2025-08-09 14:49:36 - Database connection successful
2025-08-09 14:49:36 - Fetched magnus_user_id: 21, username: ldata
2025-08-09 14:49:36 - MagnusBilling API initialized
2025-08-09 14:49:36 - Trying id_user filter: 21
2025-08-09 14:49:37 - Request: {"action":"get_calls","magnus_user_id":"21"}
2025-08-09 14:49:37 - Database connection successful
2025-08-09 14:49:37 - Fetched magnus_user_id: 21, username: ldata
2025-08-09 14:49:37 - MagnusBilling API initialized
2025-08-09 14:49:37 - Trying id_user filter: 21
2025-08-10 04:03:15 - Request: {"action":"get_calls","magnus_user_id":"21"}
2025-08-10 04:03:15 - Database connection successful
2025-08-10 04:03:15 - Fetched magnus_user_id: 21, username: ldata
2025-08-10 04:03:15 - MagnusBilling API initialized
2025-08-10 04:03:15 - Trying id_user filter: 21
2025-08-11 04:48:14 - Request: {"action":"get_calls","magnus_user_id":"21"}
2025-08-11 04:48:14 - Database connection successful
2025-08-11 04:48:14 - Fetched magnus_user_id: 21, username: ldata
2025-08-11 04:48:14 - MagnusBilling API initialized
2025-08-11 04:48:14 - Trying id_user filter: 21
2025-08-11 04:49:00 - Request: {"action":"get_calls","magnus_user_id":"21"}
2025-08-11 04:49:00 - Database connection successful
2025-08-11 04:49:00 - Fetched magnus_user_id: 21, username: ldata
2025-08-11 04:49:00 - MagnusBilling API initialized
2025-08-11 04:49:00 - Trying id_user filter: 21
2025-08-11 19:28:06 - Request: {"action":"get_calls","magnus_user_id":"22"}
2025-08-11 19:28:06 - Database connection successful
2025-08-11 19:28:06 - Fetched magnus_user_id: 22, username: thimirada
2025-08-11 19:28:06 - MagnusBilling API initialized
2025-08-11 19:28:06 - Trying id_user filter: 22
2025-08-11 19:28:10 - Request: {"action":"get_calls","magnus_user_id":"22"}
2025-08-11 19:28:10 - Database connection successful
2025-08-11 19:28:10 - Fetched magnus_user_id: 22, username: thimirada
2025-08-11 19:28:10 - MagnusBilling API initialized
2025-08-11 19:28:10 - Trying id_user filter: 22
